\BOOKMARK [1][-]{section.1}{Introduction}{}% 1
\BOOKMARK [2][-]{subsection.1.1}{problem description}{section.1}% 2
\BOOKMARK [2][-]{subsection.1.2}{research question}{section.1}% 3
\BOOKMARK [2][-]{subsection.1.3}{thesis structure}{section.1}% 4
\BOOKMARK [2][-]{subsection.1.4}{Outline}{section.1}% 5
\BOOKMARK [1][-]{section.2}{Preliminaries}{}% 6
\BOOKMARK [2][-]{subsection.2.1}{Sklearn/scikit-learn library}{section.2}% 7
\BOOKMARK [2][-]{subsection.2.2}{Terminology}{section.2}% 8
\BOOKMARK [1][-]{section.3}{Experimental setup}{}% 9
\BOOKMARK [2][-]{subsection.3.1}{Motivation}{section.3}% 10
\BOOKMARK [2][-]{subsection.3.2}{Description}{section.3}% 11
\BOOKMARK [3][-]{subsubsection.3.2.1}{Main method}{subsection.3.2}% 12
\BOOKMARK [3][-]{subsubsection.3.2.2}{Strategy 1}{subsection.3.2}% 13
\BOOKMARK [3][-]{subsubsection.3.2.3}{Strategy 2}{subsection.3.2}% 14
\BOOKMARK [3][-]{subsubsection.3.2.4}{Strategy 3}{subsection.3.2}% 15
\BOOKMARK [3][-]{subsubsection.3.2.5}{Strategy 4}{subsection.3.2}% 16
\BOOKMARK [3][-]{subsubsection.3.2.6}{Strategy 5}{subsection.3.2}% 17
\BOOKMARK [3][-]{subsubsection.3.2.7}{Strategy 6}{subsection.3.2}% 18
\BOOKMARK [2][-]{subsection.3.3}{Realist model}{section.3}% 19
\BOOKMARK [1][-]{section.4}{Experimental Results}{}% 20
\BOOKMARK [2][-]{subsubsection.4.0.1}{Main method}{section.4}% 21
\BOOKMARK [3][-]{subsubsection.4.0.2}{Strategy 1}{subsubsection.4.0.1}% 22
\BOOKMARK [3][-]{subsubsection.4.0.3}{Strategy 2}{subsubsection.4.0.1}% 23
\BOOKMARK [3][-]{subsubsection.4.0.4}{Strategy 3}{subsubsection.4.0.1}% 24
\BOOKMARK [3][-]{subsubsection.4.0.5}{Strategy 4}{subsubsection.4.0.1}% 25
\BOOKMARK [3][-]{subsubsection.4.0.6}{Strategy 5}{subsubsection.4.0.1}% 26
\BOOKMARK [3][-]{subsubsection.4.0.7}{Strategy 6}{subsubsection.4.0.1}% 27
\BOOKMARK [1][-]{section.5}{Discussion}{}% 28
